\BOOKMARK [0][-]{chapter.0}{\376\377\000F\000u\000n\000c\000t\000i\000o\000n\000s}{}% 1
\BOOKMARK [1][-]{section.0.1}{\376\377\000F\000o\000r\000\040\000E\000a\000c\000h\000\040\000I\000n\000p\000u\000t\000,\000\040\000E\000x\000a\000c\000t\000l\000y\000\040\000O\000n\000e\000\040\000O\000u\000t\000p\000u\000t}{chapter.0}% 2
\BOOKMARK [1][-]{section.0.2}{\376\377\000I\000n\000v\000e\000r\000s\000e\000s\000\040\000o\000f\000\040\000F\000u\000n\000c\000t\000i\000o\000n\000s}{chapter.0}% 3
\BOOKMARK [0][-]{chapter.1}{\376\377\000L\000i\000m\000i\000t\000s}{}% 4
\BOOKMARK [1][-]{section.1.1}{\376\377\000T\000h\000e\000\040\000B\000a\000s\000i\000c\000\040\000I\000d\000e\000a\000s\000\040\000o\000f\000\040\000L\000i\000m\000i\000t\000s}{chapter.1}% 5
\BOOKMARK [1][-]{section.1.2}{\376\377\000L\000i\000m\000i\000t\000s\000\040\000b\000y\000\040\000t\000h\000e\000\040\000D\000e\000f\000i\000n\000i\000t\000i\000o\000n}{chapter.1}% 6
\BOOKMARK [1][-]{section.1.3}{\376\377\000L\000i\000m\000i\000t\000\040\000L\000a\000w\000s}{chapter.1}% 7
\BOOKMARK [0][-]{chapter.2}{\376\377\000C\000o\000n\000t\000i\000n\000u\000i\000t\000y\000\040\000a\000n\000d\000\040\000i\000n\000f\000i\000n\000i\000t\000e\000\040\000l\000i\000m\000i\000t\000s}{}% 8
\BOOKMARK [1][-]{section.2.1}{\376\377\000C\000o\000n\000t\000i\000n\000u\000i\000t\000y}{chapter.2}% 9
\BOOKMARK [1][-]{section.2.2}{\376\377\000I\000n\000f\000i\000n\000i\000t\000e\000\040\000L\000i\000m\000i\000t\000s}{chapter.2}% 10
\BOOKMARK [0][-]{chapter.3}{\376\377\000B\000a\000s\000i\000c\000s\000\040\000o\000f\000\040\000D\000e\000r\000i\000v\000a\000t\000i\000v\000e\000s}{}% 11
\BOOKMARK [1][-]{section.3.1}{\376\377\000S\000l\000o\000p\000e\000s\000\040\000o\000f\000\040\000T\000a\000n\000g\000e\000n\000t\000\040\000L\000i\000n\000e\000s\000\040\000v\000i\000a\000\040\000L\000i\000m\000i\000t\000s}{chapter.3}% 12
\BOOKMARK [1][-]{section.3.2}{\376\377\000B\000a\000s\000i\000c\000\040\000D\000e\000r\000i\000v\000a\000t\000i\000v\000e\000\040\000R\000u\000l\000e\000s}{chapter.3}% 13
\BOOKMARK [0][-]{chapter.4}{\376\377\000T\000h\000e\000\040\000D\000e\000r\000i\000v\000a\000t\000i\000v\000e\000s\000\040\000o\000f\000\040\000T\000r\000i\000g\000o\000n\000o\000m\000e\000t\000r\000i\000c\000\040\000F\000u\000n\000c\000t\000i\000o\000n\000s\000\040\000a\000n\000d\000\040\000t\000h\000e\000i\000r\000\040\000I\000n\000v\000e\000r\000s\000e\000s}{}% 14
\BOOKMARK [1][-]{section.4.1}{\376\377\000T\000h\000e\000\040\000D\000e\000r\000i\000v\000a\000t\000i\000v\000e\000s\000\040\000o\000f\000\040\000T\000r\000i\000g\000o\000n\000o\000m\000e\000t\000r\000i\000c\000\040\000F\000u\000n\000c\000t\000i\000o\000n\000s}{chapter.4}% 15
\BOOKMARK [1][-]{section.4.2}{\376\377\000I\000n\000v\000e\000r\000s\000e\000\040\000T\000r\000i\000g\000o\000n\000o\000m\000e\000t\000r\000i\000c\000\040\000F\000u\000n\000c\000t\000i\000o\000n\000s}{chapter.4}% 16
\BOOKMARK [0][-]{chapter.5}{\376\377\000T\000h\000e\000\040\000P\000r\000o\000d\000u\000c\000t\000\040\000R\000u\000l\000e\000\040\000a\000n\000d\000\040\000Q\000u\000o\000t\000i\000e\000n\000t\000\040\000R\000u\000l\000e}{}% 17
\BOOKMARK [1][-]{section.5.1}{\376\377\000T\000h\000e\000\040\000P\000r\000o\000d\000u\000c\000t\000\040\000R\000u\000l\000e}{chapter.5}% 18
\BOOKMARK [1][-]{section.5.2}{\376\377\000T\000h\000e\000\040\000Q\000u\000o\000t\000i\000e\000n\000t\000\040\000R\000u\000l\000e}{chapter.5}% 19
\BOOKMARK [0][-]{chapter.6}{\376\377\000T\000h\000e\000\040\000C\000h\000a\000i\000n\000\040\000R\000u\000l\000e}{}% 20
\BOOKMARK [1][-]{section.6.1}{\376\377\000T\000h\000e\000\040\000C\000h\000a\000i\000n\000\040\000R\000u\000l\000e}{chapter.6}% 21
\BOOKMARK [1][-]{section.6.2}{\376\377\000I\000m\000p\000l\000i\000c\000i\000t\000\040\000D\000i\000f\000f\000e\000r\000e\000n\000t\000i\000a\000t\000i\000o\000n}{chapter.6}% 22
\BOOKMARK [1][-]{section.6.3}{\376\377\000L\000o\000g\000a\000r\000i\000t\000h\000m\000i\000c\000\040\000D\000i\000f\000f\000e\000r\000e\000n\000t\000i\000a\000t\000i\000o\000n}{chapter.6}% 23
\BOOKMARK [0][-]{chapter.7}{\376\377\000A\000p\000p\000l\000i\000c\000a\000t\000i\000o\000n\000s\000\040\000o\000f\000\040\000D\000i\000f\000f\000e\000r\000e\000n\000t\000i\000a\000t\000i\000o\000n}{}% 24
\BOOKMARK [1][-]{section.7.1}{\376\377\000T\000h\000e\000\040\000D\000e\000r\000i\000v\000a\000t\000i\000v\000e\000\040\000a\000s\000\040\000a\000\040\000R\000a\000t\000e}{chapter.7}% 25
\BOOKMARK [1][-]{section.7.2}{\376\377\000R\000e\000l\000a\000t\000e\000d\000\040\000R\000a\000t\000e\000s\000\040\000P\000r\000o\000b\000l\000e\000m\000s}{chapter.7}% 26
\BOOKMARK [0][-]{chapter.8}{\376\377\000C\000u\000r\000v\000e\000\040\000S\000k\000e\000t\000c\000h\000i\000n\000g}{}% 27
\BOOKMARK [1][-]{section.8.1}{\376\377\000E\000x\000t\000r\000e\000m\000a}{chapter.8}% 28
\BOOKMARK [1][-]{section.8.2}{\376\377\000T\000h\000e\000\040\000F\000i\000r\000s\000t\000\040\000D\000e\000r\000i\000v\000a\000t\000i\000v\000e\000\040\000T\000e\000s\000t}{chapter.8}% 29
\BOOKMARK [1][-]{section.8.3}{\376\377\000C\000o\000n\000c\000a\000v\000i\000t\000y\000\040\000a\000n\000d\000\040\000I\000n\000f\000l\000e\000c\000t\000i\000o\000n\000\040\000P\000o\000i\000n\000t\000s}{chapter.8}% 30
\BOOKMARK [1][-]{section.8.4}{\376\377\000T\000h\000e\000\040\000S\000e\000c\000o\000n\000d\000\040\000D\000e\000r\000i\000v\000a\000t\000i\000v\000e\000\040\000T\000e\000s\000t}{chapter.8}% 31
\BOOKMARK [1][-]{section.8.5}{\376\377\000S\000k\000e\000t\000c\000h\000i\000n\000g\000\040\000t\000h\000e\000\040\000P\000l\000o\000t\000\040\000o\000f\000\040\000a\000\040\000F\000u\000n\000c\000t\000i\000o\000n}{chapter.8}% 32
\BOOKMARK [0][-]{chapter.9}{\376\377\000L\000i\000m\000i\000t\000s\000\040\000a\000t\000\040\000I\000n\000f\000i\000n\000i\000t\000y\000\040\000a\000n\000d\000\040\000L\000'\000H\000o\000p\000i\000t\000a\000l\000'\000s\000\040\000r\000u\000l\000e}{}% 33
\BOOKMARK [1][-]{section.9.1}{\376\377\000L\000i\000m\000i\000t\000s\000\040\000a\000t\000\040\000I\000n\000f\000i\000n\000i\000t\000y}{chapter.9}% 34
\BOOKMARK [1][-]{section.9.2}{\376\377\000L\000i\000m\000i\000t\000s\000\040\000a\000t\000\040\000I\000n\000f\000i\000n\000i\000t\000y}{chapter.9}% 35
\BOOKMARK [1][-]{section.9.3}{\376\377\000L\000'\000H\000\364\000p\000i\000t\000a\000l\000'\000s\000\040\000R\000u\000l\000e}{chapter.9}% 36
\BOOKMARK [0][-]{chapter.10}{\376\377\000O\000p\000t\000i\000m\000i\000z\000a\000t\000i\000o\000n}{}% 37
\BOOKMARK [1][-]{section.10.1}{\376\377\000M\000a\000x\000i\000m\000u\000m\000\040\000a\000n\000d\000\040\000M\000i\000n\000i\000m\000u\000m\000\040\000V\000a\000l\000u\000e\000s\000\040\000o\000f\000\040\000C\000u\000r\000v\000e\000s}{chapter.10}% 38
\BOOKMARK [1][-]{section.10.2}{\376\377\000B\000a\000s\000i\000c\000\040\000O\000p\000t\000i\000m\000i\000z\000a\000t\000i\000o\000n\000\040\000P\000r\000o\000b\000l\000e\000m\000s}{chapter.10}% 39
\BOOKMARK [0][-]{chapter.11}{\376\377\000A\000p\000p\000r\000o\000x\000i\000m\000a\000t\000i\000o\000n}{}% 40
\BOOKMARK [1][-]{section.11.1}{\376\377\000L\000i\000n\000e\000a\000r\000\040\000A\000p\000p\000r\000o\000x\000i\000m\000a\000t\000i\000o\000n\000\040\000a\000n\000d\000\040\000D\000i\000f\000f\000e\000r\000e\000n\000t\000i\000a\000l\000s}{chapter.11}% 41
\BOOKMARK [1][-]{section.11.2}{\376\377\000N\000e\000w\000t\000o\000n\000'\000s\000\040\000M\000e\000t\000h\000o\000d}{chapter.11}% 42
\BOOKMARK [0][-]{chapter.12}{\376\377\000A\000n\000t\000i\000d\000e\000r\000i\000v\000a\000t\000i\000v\000e\000s}{}% 43
\BOOKMARK [1][-]{section.12.1}{\376\377\000B\000a\000s\000i\000c\000\040\000A\000n\000t\000i\000d\000e\000r\000i\000v\000a\000t\000i\000v\000e\000s}{chapter.12}% 44
\BOOKMARK [1][-]{section.12.2}{\376\377\000T\000h\000e\000\040\000M\000e\000a\000n\000\040\000V\000a\000l\000u\000e\000\040\000T\000h\000e\000o\000r\000e\000m}{chapter.12}% 45
\BOOKMARK [1][-]{section.12.3}{\376\377\000D\000i\000f\000f\000e\000r\000e\000n\000t\000i\000a\000l\000\040\000E\000q\000u\000a\000t\000i\000o\000n\000s}{chapter.12}% 46
\BOOKMARK [0][-]{chapter.13}{\376\377\000I\000n\000t\000e\000g\000r\000a\000l\000s}{}% 47
\BOOKMARK [1][-]{section.13.1}{\376\377\000D\000e\000f\000i\000n\000i\000t\000e\000\040\000I\000n\000t\000e\000g\000r\000a\000l\000s\000\040\000C\000o\000m\000p\000u\000t\000e\000\040\000S\000i\000g\000n\000e\000d\000\040\000A\000r\000e\000a}{chapter.13}% 48
\BOOKMARK [1][-]{section.13.2}{\376\377\000R\000i\000e\000m\000a\000n\000n\000\040\000S\000u\000m\000s}{chapter.13}% 49
\BOOKMARK [0][-]{chapter.14}{\376\377\000T\000h\000e\000\040\000F\000u\000n\000d\000a\000m\000e\000n\000t\000a\000l\000\040\000T\000h\000e\000o\000r\000e\000m\000\040\000o\000f\000\040\000C\000a\000l\000c\000u\000l\000u\000s}{}% 50
\BOOKMARK [1][-]{section.14.1}{\376\377\000T\000h\000e\000\040\000F\000u\000n\000d\000a\000m\000e\000n\000t\000a\000l\000\040\000T\000h\000e\000o\000r\000e\000m}{chapter.14}% 51
\BOOKMARK [1][-]{section.14.2}{\376\377\000A\000r\000e\000a\000\040\000B\000e\000t\000w\000e\000e\000n\000\040\000C\000u\000r\000v\000e\000s}{chapter.14}% 52
\BOOKMARK [0][-]{chapter.15}{\376\377\000T\000e\000c\000h\000n\000i\000q\000u\000e\000s\000\040\000o\000f\000\040\000I\000n\000t\000e\000g\000r\000a\000t\000i\000o\000n}{}% 53
\BOOKMARK [1][-]{section.15.1}{\376\377\000I\000n\000t\000e\000g\000r\000a\000t\000i\000o\000n\000\040\000b\000y\000\040\000S\000u\000b\000s\000t\000i\000t\000u\000t\000i\000o\000n}{chapter.15}% 54
\BOOKMARK [1][-]{section.15.2}{\376\377\000P\000o\000w\000e\000r\000s\000\040\000o\000f\000\040\000S\000i\000n\000e\000\040\000a\000n\000d\000\040\000C\000o\000s\000i\000n\000e}{chapter.15}% 55
\BOOKMARK [1][-]{section.15.3}{\376\377\000I\000n\000t\000e\000g\000r\000a\000t\000i\000o\000n\000\040\000b\000y\000\040\000P\000a\000r\000t\000s}{chapter.15}% 56
\BOOKMARK [0][-]{chapter.16}{\376\377\000A\000p\000p\000l\000i\000c\000a\000t\000i\000o\000n\000s\000\040\000o\000f\000\040\000I\000n\000t\000e\000g\000r\000a\000t\000i\000o\000n}{}% 57
\BOOKMARK [1][-]{section.16.1}{\376\377\000V\000o\000l\000u\000m\000e}{chapter.16}% 58
\BOOKMARK [1][-]{section.16.2}{\376\377\000A\000r\000c\000\040\000L\000e\000n\000g\000t\000h}{chapter.16}% 59
\BOOKMARK [0][-]{chapter*.4}{\376\377\000A\000n\000s\000w\000e\000r\000s\000\040\000t\000o\000\040\000E\000x\000e\000r\000c\000i\000s\000e\000s}{}% 60
\BOOKMARK [0][-]{chapter*.5}{\376\377\000I\000n\000d\000e\000x}{}% 61
